#
# There is insufficient memory for the Java Runtime Environment to continue.
# Native memory allocation (mmap) failed to map 266338304 bytes for G1 virtual space
# Possible reasons:
#   The system is out of physical RAM or swap space
#   The process is running with CompressedOops enabled, and the Java Heap may be blocking the growth of the native heap
# Possible solutions:
#   Reduce memory load on the system
#   Increase physical memory or swap space
#   Check if swap backing store is full
#   Decrease Java heap size (-Xmx/-Xms)
#   Decrease number of Java threads
#   Decrease Java thread stack sizes (-Xss)
#   Set larger code cache with -XX:ReservedCodeCacheSize=
#   JVM is running with Zero Based Compressed Oops mode in which the Java heap is
#     placed in the first 32GB address space. The Java Heap base address is the
#     maximum limit for the native heap growth. Please use -XX:HeapBaseMinAddress
#     to set the Java Heap base and to place the Java Heap above 32GB virtual address.
# This output file may be truncated or incomplete.
#
#  Out of Memory Error (os_windows.cpp:3535), pid=6168, tid=2456
#
# JRE version:  (17.0.3.1+2) (build )
# Java VM: Java HotSpot(TM) 64-Bit Server VM (17.0.3.1+2-LTS-6, mixed mode, sharing, tiered, compressed oops, compressed class ptrs, g1 gc, windows-amd64)
# No core dump will be written. Minidumps are not enabled by default on client versions of Windows
#

---------------  S U M M A R Y ------------

Command Line: C:\Users\CHRIST~1\AppData\Local\Temp\surefire3782366323007144579\surefirebooter3394072960640456551.jar C:\Users\Christian\AppData\Local\Temp\surefire3782366323007144579 2024-02-08T15-23-35_823-jvmRun1 surefire1785463667913073141tmp surefire_02993459424053654766tmp

Host: Intel(R) Core(TM) i5-10300H CPU @ 2.50GHz, 8 cores, 15G,  Windows 11 , 64 bit Build 22621 (10.0.22621.2506)
Time: Thu Feb  8 15:23:36 2024 Afrique de l, 64 bit Build 22621 (10.0.22621.2506) elapsed time: 0.009990 seconds (0d 0h 0m 0s)

---------------  T H R E A D  ---------------

Current thread (0x000001ef24bb40f0):  JavaThread "Unknown thread" [_thread_in_vm, id=2456, stack(0x000000eddc300000,0x000000eddc400000)]

Stack: [0x000000eddc300000,0x000000eddc400000]
Native frames: (J=compiled Java code, j=interpreted, Vv=VM code, C=native code)
V  [jvm.dll+0x6711ba]
V  [jvm.dll+0x7d0834]
V  [jvm.dll+0x7d1fde]
V  [jvm.dll+0x7d2643]
V  [jvm.dll+0x242c85]
V  [jvm.dll+0x66e0d9]
V  [jvm.dll+0x662a22]
V  [jvm.dll+0x300ddb]
V  [jvm.dll+0x308376]
V  [jvm.dll+0x357f7e]
V  [jvm.dll+0x3581af]
V  [jvm.dll+0x2d7ff8]
V  [jvm.dll+0x2d8f64]
V  [jvm.dll+0x7a2411]
V  [jvm.dll+0x365d01]
V  [jvm.dll+0x78187c]
V  [jvm.dll+0x3e873f]
V  [jvm.dll+0x3ea1e1]
C  [jli.dll+0x527b]
C  [ucrtbase.dll+0x29363]
C  [KERNEL32.DLL+0x1257d]
C  [ntdll.dll+0x5aa58]


---------------  P R O C E S S  ---------------

Threads class SMR info:
_java_thread_list=0x00007ffc9c4b9858, length=0, elements={
}

Java Threads: ( => current thread )

Other Threads:
  0x000001ef24c21530 GCTaskThread "GC Thread#0" [stack: 0x000000eddc400000,0x000000eddc500000] [id=22868]
  0x000001ef24c321f0 ConcurrentGCThread "G1 Main Marker" [stack: 0x000000eddc500000,0x000000eddc600000] [id=2236]
  0x000001ef24c333a0 ConcurrentGCThread "G1 Conc#0" [stack: 0x000000eddc600000,0x000000eddc700000] [id=5600]

[error occurred during error reporting (printing all threads), id 0xc0000005, EXCEPTION_ACCESS_VIOLATION (0xc0000005) at pc=0x00007ffc9bd089e7]

VM state: not at safepoint (not fully initialized)

VM Mutex/Monitor currently owned by a thread:  ([mutex/lock_event])
[0x000001ef24baf0a0] Heap_lock - owner thread: 0x000001ef24bb40f0

Heap address: 0x0000000702800000, size: 4056 MB, Compressed Oops mode: Zero based, Oop shift amount: 3

CDS archive(s) mapped at: [0x0000000000000000-0x0000000000000000-0x0000000000000000), size 0, SharedBaseAddress: 0x0000000800000000, ArchiveRelocationMode: 0.
Narrow klass base: 0x0000000000000000, Narrow klass shift: 0, Narrow klass range: 0x0

GC Precious Log:
<Empty>

Heap:
 garbage-first heap   total 0K, used 0K [0x0000000702800000, 0x0000000800000000)
  region size 2048K, 0 young (0K), 0 survivors (0K)

[error occurred during error reporting (printing heap information), id 0xc0000005, EXCEPTION_ACCESS_VIOLATION (0xc0000005) at pc=0x00007ffc9c0ea629]

GC Heap History (0 events):
No events

Deoptimization events (0 events):
No events

Classes unloaded (0 events):
No events

Classes redefined (0 events):
No events

Internal exceptions (0 events):
No events

VM Operations (0 events):
No events

Events (1 events):
Event: 0.007 Loaded shared library C:\Program Files\Java\jdk-17.0.3.1\bin\java.dll


Dynamic libraries:
0x00007ff69b860000 - 0x00007ff69b870000 	C:\Program Files\Java\jdk-17.0.3.1\bin\java.exe
0x00007ffd43090000 - 0x00007ffd432a7000 	C:\WINDOWS\SYSTEM32\ntdll.dll
0x00007ffd424b0000 - 0x00007ffd42574000 	C:\WINDOWS\System32\KERNEL32.DLL
0x00007ffd40a30000 - 0x00007ffd40dd6000 	C:\WINDOWS\System32\KERNELBASE.dll
0x00007ffd407f0000 - 0x00007ffd40901000 	C:\WINDOWS\System32\ucrtbase.dll
0x00007ffce9500000 - 0x00007ffce9518000 	C:\Program Files\Java\jdk-17.0.3.1\bin\jli.dll
0x00007ffd16e30000 - 0x00007ffd16e4a000 	C:\Program Files\Java\jdk-17.0.3.1\bin\VCRUNTIME140.dll
0x00007ffd41de0000 - 0x00007ffd41e93000 	C:\WINDOWS\System32\ADVAPI32.dll
0x00007ffd425d0000 - 0x00007ffd42677000 	C:\WINDOWS\System32\msvcrt.dll
0x00007ffd412c0000 - 0x00007ffd41368000 	C:\WINDOWS\System32\sechost.dll
0x00007ffd404e0000 - 0x00007ffd40508000 	C:\WINDOWS\System32\bcrypt.dll
0x00007ffd42b80000 - 0x00007ffd42c97000 	C:\WINDOWS\System32\RPCRT4.dll
0x00007ffd42db0000 - 0x00007ffd42f5e000 	C:\WINDOWS\System32\USER32.dll
0x00007ffd29800000 - 0x00007ffd29a93000 	C:\WINDOWS\WinSxS\amd64_microsoft.windows.common-controls_6595b64144ccf1df_6.0.22621.2506_none_270c5ae97388e100\COMCTL32.dll
0x00007ffd40510000 - 0x00007ffd40536000 	C:\WINDOWS\System32\win32u.dll
0x00007ffd40de0000 - 0x00007ffd40e09000 	C:\WINDOWS\System32\GDI32.dll
0x00007ffd40910000 - 0x00007ffd40a28000 	C:\WINDOWS\System32\gdi32full.dll
0x00007ffd40440000 - 0x00007ffd404da000 	C:\WINDOWS\System32\msvcp_win.dll
0x00007ffd38bb0000 - 0x00007ffd38bba000 	C:\WINDOWS\SYSTEM32\VERSION.dll
0x00007ffd42320000 - 0x00007ffd42351000 	C:\WINDOWS\System32\IMM32.DLL
0x00007ffd25f50000 - 0x00007ffd25f5c000 	C:\Program Files\Java\jdk-17.0.3.1\bin\vcruntime140_1.dll
0x00007ffcd8e20000 - 0x00007ffcd8ead000 	C:\Program Files\Java\jdk-17.0.3.1\bin\msvcp140.dll
0x00007ffc9ba20000 - 0x00007ffc9c5e0000 	C:\Program Files\Java\jdk-17.0.3.1\bin\server\jvm.dll
0x00007ffd42b50000 - 0x00007ffd42b58000 	C:\WINDOWS\System32\PSAPI.DLL
0x00007ffd39710000 - 0x00007ffd39744000 	C:\WINDOWS\SYSTEM32\WINMM.dll
0x00007ffd257e0000 - 0x00007ffd257e9000 	C:\WINDOWS\SYSTEM32\WSOCK32.dll
0x00007ffd42ac0000 - 0x00007ffd42b31000 	C:\WINDOWS\System32\WS2_32.dll
0x00007ffd3f410000 - 0x00007ffd3f428000 	C:\WINDOWS\SYSTEM32\kernel.appcore.dll
0x00007ffd1c030000 - 0x00007ffd1c03a000 	C:\Program Files\Java\jdk-17.0.3.1\bin\jimage.dll
0x00007ffd3dd00000 - 0x00007ffd3df33000 	C:\WINDOWS\SYSTEM32\DBGHELP.DLL
0x00007ffd40eb0000 - 0x00007ffd41239000 	C:\WINDOWS\System32\combase.dll
0x00007ffd42680000 - 0x00007ffd42757000 	C:\WINDOWS\System32\OLEAUT32.dll
0x00007ffd28b10000 - 0x00007ffd28b42000 	C:\WINDOWS\SYSTEM32\dbgcore.DLL
0x00007ffd40770000 - 0x00007ffd407ea000 	C:\WINDOWS\System32\bcryptPrimitives.dll
0x00007ffcd9740000 - 0x00007ffcd9765000 	C:\Program Files\Java\jdk-17.0.3.1\bin\java.dll

dbghelp: loaded successfully - version: 4.0.5 - missing functions: none
symbol engine: initialized successfully - sym options: 0x614 - pdb path: .;C:\Program Files\Java\jdk-17.0.3.1\bin;C:\WINDOWS\SYSTEM32;C:\WINDOWS\WinSxS\amd64_microsoft.windows.common-controls_6595b64144ccf1df_6.0.22621.2506_none_270c5ae97388e100;C:\Program Files\Java\jdk-17.0.3.1\bin\server

VM Arguments:
java_command: C:\Users\CHRIST~1\AppData\Local\Temp\surefire3782366323007144579\surefirebooter3394072960640456551.jar C:\Users\Christian\AppData\Local\Temp\surefire3782366323007144579 2024-02-08T15-23-35_823-jvmRun1 surefire1785463667913073141tmp surefire_02993459424053654766tmp
java_class_path (initial): C:\Users\CHRIST~1\AppData\Local\Temp\surefire3782366323007144579\surefirebooter3394072960640456551.jar
Launcher Type: SUN_STANDARD

[Global flags]
     intx CICompilerCount                          = 4                                         {product} {ergonomic}
     uint ConcGCThreads                            = 2                                         {product} {ergonomic}
     uint G1ConcRefinementThreads                  = 8                                         {product} {ergonomic}
   size_t G1HeapRegionSize                         = 2097152                                   {product} {ergonomic}
    uintx GCDrainStackTargetSize                   = 64                                        {product} {ergonomic}
   size_t InitialHeapSize                          = 266338304                                 {product} {ergonomic}
   size_t MarkStackSize                            = 4194304                                   {product} {ergonomic}
   size_t MaxHeapSize                              = 4253024256                                {product} {ergonomic}
   size_t MinHeapDeltaBytes                        = 2097152                                   {product} {ergonomic}
   size_t MinHeapSize                              = 8388608                                   {product} {ergonomic}
    uintx NonNMethodCodeHeapSize                   = 5839372                                {pd product} {ergonomic}
    uintx NonProfiledCodeHeapSize                  = 122909434                              {pd product} {ergonomic}
    uintx ProfiledCodeHeapSize                     = 122909434                              {pd product} {ergonomic}
    uintx ReservedCodeCacheSize                    = 251658240                              {pd product} {ergonomic}
     bool SegmentedCodeCache                       = true                                      {product} {ergonomic}
   size_t SoftMaxHeapSize                          = 4253024256                             {manageable} {ergonomic}
     bool UseCompressedClassPointers               = true                           {product lp64_product} {ergonomic}
     bool UseCompressedOops                        = true                           {product lp64_product} {ergonomic}
     bool UseG1GC                                  = true                                      {product} {ergonomic}
     bool UseLargePagesIndividualAllocation        = false                                  {pd product} {ergonomic}

Logging:
Log output configuration:
 #0: stdout all=warning uptime,level,tags
 #1: stderr all=off uptime,level,tags

Environment Variables:
JAVA_HOME=C:\Program Files\Java\jdk-17.0.3.1
CLASSPATH=C:\Program Files\ApacheSoftwareFoundation\Tomcat10.0\lib\servlet-api.jar
PATH=C:\Program Files\Common Files\Oracle\Java\javapath;C:\Program Files (x86)\Common Files\Oracle\Java\javapath;C:\Windows\system32;C:\Windows;C:\Windows\System32\Wbem;C:\Windows\System32\WindowsPowerShell\v1.0\;C:\Windows\System32\OpenSSH\;C:\Program Files (x86)\NVIDIA Corporation\PhysX\Common;C:\Program Files\NVIDIA Corporation\NVIDIA NvDLISR;C:\Program Files\Java\jdk-17.0.3.1\bin;C:\Program Files\dotnet\;C:\Users\Christian\AppData\Local\Microsoft\WindowsApps;C:\Users\Christian\AppData\Local\Programs\Microsoft VS Code\bin;C:\Program Files\Java\jdk1.8.0_202\bin;C:\Program Files\ApacheSoftwareFoundation\Tomcat10.0\lib\servlet-api.jar;C:\Users\Christian\AppData\Local\GitHubDesktop\bin;C:\Users\Christian\.dotnet\tools;C:\adb;C:\WINDOWS\system32;C:\WINDOWS;C:\WINDOWS\System32\Wbem;C:\WINDOWS\System32\WindowsPowerShell\v1.0\;C:\WINDOWS\System32\OpenSSH\;C:\Program Files\nodejs\;C:\ProgramData\chocolatey\bin;C:\apache-maven-3.9.4;C:\Program Files\Git\cmd;C:\apache-maven-3.9.5\bin;C:\Program Files\Docker\Docker\resources\bin;C:\Users\Christian\AppData\Local\Microsoft\WindowsApps;C:\Users\Christian\AppData\Local\Programs\Microsoft VS Code\bin;C:\Program Files\Java\jdk1.8.0_202\bin;C:\Program Files\ApacheSoftwareFoundation\Tomcat10.0\lib\servlet-api.jar;C:\Users\Christian\AppData\Local\GitHubDesktop\bin;C:\Users\Christian\.dotnet\tools;C:\Users\Christian\AppData\Roaming\npm;C:\apache-maven-3.9.5\bin;C:\Users\Christian\AppData\Local\Programs\mongosh\
USERNAME=Christian
LANG=en_US.UTF-8
OS=Windows_NT
PROCESSOR_IDENTIFIER=Intel64 Family 6 Model 165 Stepping 2, GenuineIntel



---------------  S Y S T E M  ---------------

OS:
 Windows 11 , 64 bit Build 22621 (10.0.22621.2506)
OS uptime: 4 days 3:39 hours
Hyper-V role detected

CPU: total 8 (initial active 8) (4 cores per cpu, 2 threads per core) family 6 model 165 stepping 2 microcode 0xe0, cx8, cmov, fxsr, ht, mmx, 3dnowpref, sse, sse2, sse3, ssse3, sse4.1, sse4.2, popcnt, lzcnt, tsc, tscinvbit, avx, avx2, aes, erms, clmul, bmi1, bmi2, adx, fma, vzeroupper, clflush, clflushopt, hv

Memory: 4k page, system-wide physical 16221M (1519M free)
TotalPageFile size 39644M (AvailPageFile size 187M)
current process WorkingSet (physical memory assigned to process): 11M, peak: 11M
current process commit charge ("private bytes"): 60M, peak: 314M

vm_info: Java HotSpot(TM) 64-Bit Server VM (17.0.3.1+2-LTS-6) for windows-amd64 JRE (17.0.3.1+2-LTS-6), built on Apr 25 2022 22:04:21 by "mach5one" with MS VC++ 16.8 / 16.9 (VS2019)

END.
